<?xml version="1.0" encoding="UTF-8"?>
<trace:TraceModel xmi:version="2.0"
    xmlns:xmi="http://www.omg.org/XMI"
    xmlns:trace="http://www.eclipse.org/gmf/2006/Trace">
  <nodeTraces
      visualID="1001"
      queryText="(let _eClass_:ecore::EClass = modelFacet.metaClass.ecoreClass in _eClass_.ePackage.nsURI = 'http://www.eclipse.org/uml2/2.1.0/UML' and _eClass_.name = 'Interaction') and (let _containmentMF_:ecore::EStructuralFeature = modelFacet.containmentMetaFeature.ecoreFeature in (let _eClass_:ecore::EClass = _containmentMF_.eContainingClass in _eClass_.ePackage.nsURI = 'http://www.eclipse.org/uml2/2.1.0/UML' and _eClass_.name = 'Package') and _containmentMF_.name = 'packagedElement')">
    <nodeLabelTraces
        visualID="4004"
        queryText="true"/>
    <compartmentTraces
        visualID="5001"
        queryText="true"/>
  </nodeTraces>
  <nodeTraces
      visualID="2005"
      queryText="(let _eClass_:ecore::EClass = modelFacet.metaClass.ecoreClass in _eClass_.ePackage.nsURI = 'http://www.eclipse.org/uml2/2.1.0/UML' and _eClass_.name = 'Comment') and (let _containmentMF_:ecore::EStructuralFeature = modelFacet.containmentMetaFeature.ecoreFeature in (let _eClass_:ecore::EClass = _containmentMF_.eContainingClass in _eClass_.ePackage.nsURI = 'http://www.eclipse.org/uml2/2.1.0/UML' and _eClass_.name = 'Element') and _containmentMF_.name = 'ownedComment')">
    <nodeLabelTraces
        visualID="5003"
        queryText="true"/>
  </nodeTraces>
  <childNodeTraces
      visualID="2001"
      queryText="(let _eClass_:ecore::EClass = modelFacet.metaClass.ecoreClass in _eClass_.ePackage.nsURI = 'http://www.eclipse.org/uml2/2.1.0/UML' and _eClass_.name = 'Interaction') and (let _containmentMF_:ecore::EStructuralFeature = modelFacet.containmentMetaFeature.ecoreFeature in (let _eClass_:ecore::EClass = _containmentMF_.eContainingClass in _eClass_.ePackage.nsURI = 'http://www.eclipse.org/uml2/2.1.0/UML' and _eClass_.name = 'Interaction') and _containmentMF_.name = 'fragment')">
    <nodeLabelTraces
        visualID="4003"
        queryText="true"/>
    <compartmentTraces
        visualID="5002"
        queryText="true"/>
  </childNodeTraces>
  <childNodeTraces
      visualID="2002"
      queryText="(let _eClass_:ecore::EClass = modelFacet.metaClass.ecoreClass in _eClass_.ePackage.nsURI = 'http://www.eclipse.org/uml2/2.1.0/UML' and _eClass_.name = 'Lifeline') and (let _containmentMF_:ecore::EStructuralFeature = modelFacet.containmentMetaFeature.ecoreFeature in (let _eClass_:ecore::EClass = _containmentMF_.eContainingClass in _eClass_.ePackage.nsURI = 'http://www.eclipse.org/uml2/2.1.0/UML' and _eClass_.name = 'Interaction') and _containmentMF_.name = 'lifeline')">
    <nodeLabelTraces
        visualID="4001"
        queryText="true"/>
  </childNodeTraces>
  <childNodeTraces
      visualID="2003"
      queryText="(let _eClass_:ecore::EClass = modelFacet.metaClass.ecoreClass in _eClass_.ePackage.nsURI = 'http://www.eclipse.org/uml2/2.1.0/UML' and _eClass_.name = 'BehaviorExecutionSpecification') and (let _containmentMF_:ecore::EStructuralFeature = modelFacet.containmentMetaFeature.ecoreFeature in (let _eClass_:ecore::EClass = _containmentMF_.eContainingClass in _eClass_.ePackage.nsURI = 'http://www.eclipse.org/uml2/2.1.0/UML' and _eClass_.name = 'Interaction') and _containmentMF_.name = 'fragment')"/>
  <childNodeTraces
      visualID="2004"
      queryText="(let _eClass_:ecore::EClass = modelFacet.metaClass.ecoreClass in _eClass_.ePackage.nsURI = 'http://www.eclipse.org/uml2/2.1.0/UML' and _eClass_.name = 'CombinedFragment') and (let _containmentMF_:ecore::EStructuralFeature = modelFacet.containmentMetaFeature.ecoreFeature in (let _eClass_:ecore::EClass = _containmentMF_.eContainingClass in _eClass_.ePackage.nsURI = 'http://www.eclipse.org/uml2/2.1.0/UML' and _eClass_.name = 'Interaction') and _containmentMF_.name = 'fragment')">
    <nodeLabelTraces
        visualID="4002"
        queryText="true"/>
  </childNodeTraces>
  <linkTraces
      visualID="3001"
      queryText="modelFacet.oclIsKindOf(gmfgen::TypeLinkModelFacet) and (let _eClass_:ecore::EClass = modelFacet.oclAsType(gmfgen::TypeLinkModelFacet).metaClass.ecoreClass in _eClass_.ePackage.nsURI = 'http://www.eclipse.org/uml2/2.1.0/UML' and _eClass_.name = 'Message')">
    <linkLabelTraces
        visualID="4005"
        queryText="true"/>
  </linkTraces>
  <linkTraces
      visualID="3002"
      queryText="modelFacet.oclIsKindOf(gmfgen::TypeLinkModelFacet) and (let _eClass_:ecore::EClass = modelFacet.oclAsType(gmfgen::TypeLinkModelFacet).metaClass.ecoreClass in _eClass_.ePackage.nsURI = 'http://www.eclipse.org/uml2/2.1.0/UML' and _eClass_.name = 'Message')">
    <linkLabelTraces
        visualID="4006"
        queryText="true"/>
  </linkTraces>
  <linkTraces
      visualID="3003"
      queryText="modelFacet.oclIsKindOf(gmfgen::TypeLinkModelFacet) and (let _eClass_:ecore::EClass = modelFacet.oclAsType(gmfgen::TypeLinkModelFacet).metaClass.ecoreClass in _eClass_.ePackage.nsURI = 'http://www.eclipse.org/uml2/2.1.0/UML' and _eClass_.name = 'Message')">
    <linkLabelTraces
        visualID="4007"
        queryText="true"/>
  </linkTraces>
  <linkTraces
      visualID="3004"
      queryText="modelFacet.oclIsKindOf(gmfgen::TypeLinkModelFacet) and (let _eClass_:ecore::EClass = modelFacet.oclAsType(gmfgen::TypeLinkModelFacet).metaClass.ecoreClass in _eClass_.ePackage.nsURI = 'http://www.eclipse.org/uml2/2.1.0/UML' and _eClass_.name = 'Message')">
    <linkLabelTraces
        visualID="4008"
        queryText="true"/>
  </linkTraces>
  <linkTraces
      visualID="3005"
      queryText="modelFacet.oclIsKindOf(gmfgen::TypeLinkModelFacet) and (let _eClass_:ecore::EClass = modelFacet.oclAsType(gmfgen::TypeLinkModelFacet).metaClass.ecoreClass in _eClass_.ePackage.nsURI = 'http://www.eclipse.org/uml2/2.1.0/UML' and _eClass_.name = 'Message')">
    <linkLabelTraces
        visualID="4009"
        queryText="true"/>
  </linkTraces>
  <linkTraces
      visualID="3006"
      queryText="modelFacet.oclIsKindOf(gmfgen::TypeLinkModelFacet) and (let _eClass_:ecore::EClass = modelFacet.oclAsType(gmfgen::TypeLinkModelFacet).metaClass.ecoreClass in _eClass_.ePackage.nsURI = 'http://www.eclipse.org/uml2/2.1.0/UML' and _eClass_.name = 'Message')">
    <linkLabelTraces
        visualID="4010"
        queryText="true"/>
  </linkTraces>
  <linkTraces
      visualID="3007"
      queryText="modelFacet.oclIsKindOf(gmfgen::FeatureLinkModelFacet) and (let _feature_:ecore::EStructuralFeature = modelFacet.oclAsType(gmfgen::FeatureLinkModelFacet).metaFeature.ecoreFeature in (let _eClass_:ecore::EClass = _feature_.eContainingClass in _eClass_.ePackage.nsURI = 'http://www.eclipse.org/uml2/2.1.0/UML' and _eClass_.name = 'Element') and _feature_.name = 'ownedComment')"/>
  <linkTraces
      visualID="3008"
      queryText="modelFacet.oclIsKindOf(gmfgen::FeatureLinkModelFacet) and (let _feature_:ecore::EStructuralFeature = modelFacet.oclAsType(gmfgen::FeatureLinkModelFacet).metaFeature.ecoreFeature in (let _eClass_:ecore::EClass = _feature_.eContainingClass in _eClass_.ePackage.nsURI = 'http://www.eclipse.org/uml2/2.1.0/UML' and _eClass_.name = 'Comment') and _feature_.name = 'annotatedElement')"/>
</trace:TraceModel>
